node:internal/modules/cjs/loader:1450
  throw err;
  ^

Error: Cannot find module 'express'
Require stack:
- /Users/zhu/clawd/server/index.js
    at Module._resolveFilename (node:internal/modules/cjs/loader:1447:15)
    at defaultResolveImpl (node:internal/modules/cjs/loader:1058:19)
    at resolveForCJSWithHooks (node:internal/modules/cjs/loader:1063:22)
    at Module._load (node:internal/modules/cjs/loader:1233:25)
    at TracingChannel.traceSync (node:diagnostics_channel:328:14)
    at wrapModuleLoad (node:internal/modules/cjs/loader:245:24)
    at Module.require (node:internal/modules/cjs/loader:1547:12)
    at require (node:internal/modules/helpers:152:16)
    at Object.<anonymous> (/Users/zhu/clawd/server/index.js:1:17)
    at Module._compile (node:internal/modules/cjs/loader:1803:14) {
  code: 'MODULE_NOT_FOUND',
  requireStack: [ '/Users/zhu/clawd/server/index.js' ]
}

Node.js v25.5.0
